<?xml version="1.0" encoding="UTF-8"?>
<!-- Generated by org.testng.reporters.JUnitReportReporter -->
<testsuite hostname="TUSHAR" failures="0" tests="1" name="encryption.EncodeAndDecodeTest" time="0.026" errors="0" timestamp="2024-06-27T13:10:46 IST" skipped="0">
  <testcase classname="encryption.EncodeAndDecodeTest" name="encodDecodTest" time="0.026"/>
  <system-out/>
</testsuite> <!-- encryption.EncodeAndDecodeTest -->
