<?xml version="1.0" encoding="UTF-8"?>
<!-- Generated by org.testng.reporters.JUnitReportReporter -->
<testsuite hostname="TUSHAR" failures="0" tests="1" name="encryption.UpdatePayrollInfoViaAESEncrytionTest" time="5.099" errors="0" timestamp="2024-06-27T16:23:03 IST" skipped="0">
  <testcase classname="encryption.UpdatePayrollInfoViaAESEncrytionTest" name="aESTest" time="5.099"/>
  <system-out/>
</testsuite> <!-- encryption.UpdatePayrollInfoViaAESEncrytionTest -->
