<?xml version="1.0" encoding="UTF-8"?>
<!-- Generated by org.testng.reporters.JUnitReportReporter -->
<testsuite hostname="TUSHAR" failures="0" tests="1" name="authtest.Auth2_0_Test" time="7.656" errors="0" timestamp="2024-06-27T10:05:21 IST" skipped="0">
  <testcase classname="authtest.Auth2_0_Test" name="Auth2Test" time="7.656"/>
  <system-out/>
</testsuite> <!-- authtest.Auth2_0_Test -->
