<?xml version="1.0" encoding="UTF-8"?>
<!-- Generated by org.testng.reporters.JUnitReportReporter -->
<testsuite hostname="TUSHAR" failures="0" tests="1" name="encryption.API_EncodeTest" time="4.507" errors="0" timestamp="2024-06-27T18:08:29 IST" skipped="0">
  <testcase classname="encryption.API_EncodeTest" name="encodeTest" time="4.507"/>
  <system-out/>
</testsuite> <!-- encryption.API_EncodeTest -->
