<?xml version="1.0" encoding="UTF-8"?>
<!-- Generated by org.testng.reporters.JUnitReportReporter -->
<testsuite hostname="TUSHAR" failures="0" tests="1" name="typesParameters.PathParameterTest" time="4.228" errors="0" timestamp="2024-06-26T15:28:50 IST" skipped="0">
  <testcase classname="typesParameters.PathParameterTest" name="pathParamTest" time="4.228"/>
  <system-out/>
</testsuite> <!-- typesParameters.PathParameterTest -->
