<?xml version="1.0" encoding="UTF-8"?>
<!-- Generated by org.testng.reporters.JUnitReportReporter -->
<testsuite hostname="TUSHAR" failures="0" tests="1" name="practice.responseValidation.VerifyData_complexJsonxpath" time="5.686" errors="0" timestamp="2024-06-24T15:13:25 IST" skipped="0">
  <testcase classname="practice.responseValidation.VerifyData_complexJsonxpath" name="sampleTest" time="5.686"/>
  <system-out/>
</testsuite> <!-- practice.responseValidation.VerifyData_complexJsonxpath -->
