<?xml version="1.0" encoding="UTF-8"?>
<!-- Generated by org.testng.reporters.JUnitReportReporter -->
<testsuite hostname="TUSHAR" failures="0" tests="1" name="typesParameters.QueryParameterTest" time="4.731" errors="0" timestamp="2024-06-26T15:50:28 IST" skipped="0">
  <testcase classname="typesParameters.QueryParameterTest" name="queryParamTest" time="4.731"/>
  <system-out/>
</testsuite> <!-- typesParameters.QueryParameterTest -->
