<?xml version="1.0" encoding="UTF-8"?>
<!-- Generated by org.testng.reporters.JUnitReportReporter -->
<testsuite hostname="TUSHAR" failures="0" tests="1" name="authtest.BasicAuthTest" time="4.868" errors="0" timestamp="2024-06-26T17:19:15 IST" skipped="0">
  <testcase classname="authtest.BasicAuthTest" name="bascAuthTest" time="4.868"/>
  <system-out/>
</testsuite> <!-- authtest.BasicAuthTest -->
