<?xml version="1.0" encoding="UTF-8"?>
<!-- Generated by org.testng.reporters.JUnitReportReporter -->
<testsuite hostname="TUSHAR" failures="0" tests="1" name="practice.PostRequestTypes.PostReq_Via_JSonObject" time="5.890" errors="0" timestamp="2024-06-21T17:43:29 IST" skipped="0">
  <testcase classname="practice.PostRequestTypes.PostReq_Via_JSonObject" name="postDataToServer" time="5.890"/>
  <system-out/>
</testsuite> <!-- practice.PostRequestTypes.PostReq_Via_JSonObject -->
