<?xml version="1.0" encoding="UTF-8"?>
<!-- Generated by org.testng.reporters.JUnitReportReporter -->
<testsuite hostname="TUSHAR" failures="0" tests="1" name="RequestChaining.Scenario_3_getPayrollInfo" time="7.415" errors="0" timestamp="2024-06-26T10:04:57 IST" skipped="0">
  <testcase classname="RequestChaining.Scenario_3_getPayrollInfo" name="sampleTest" time="7.415"/>
  <system-out/>
</testsuite> <!-- RequestChaining.Scenario_3_getPayrollInfo -->
