<?xml version="1.0" encoding="UTF-8"?>
<!-- Generated by org.testng.reporters.JUnitReportReporter -->
<testsuite hostname="TUSHAR" failures="0" tests="1" name="authtest.DigestiveAuthTest" time="6.024" errors="0" timestamp="2024-06-26T17:22:35 IST" skipped="0">
  <testcase classname="authtest.DigestiveAuthTest" name="DigestAuthTest" time="6.024"/>
  <system-out/>
</testsuite> <!-- authtest.DigestiveAuthTest -->
