<?xml version="1.0" encoding="UTF-8"?>
<!-- Generated by org.testng.reporters.JUnitReportReporter -->
<testsuite hostname="TUSHAR" failures="0" tests="10" name="ddt.AddMultipleProjectTest" time="6.794" errors="0" timestamp="2024-06-28T15:52:33 IST" skipped="0">
  <testcase classname="ddt.AddMultipleProjectTest" name="multipleProjTest" time="6.047"/>
  <system-out/>
  <testcase classname="ddt.AddMultipleProjectTest" name="multipleProjTest" time="0.171"/>
  <system-out/>
  <testcase classname="ddt.AddMultipleProjectTest" name="multipleProjTest" time="0.080"/>
  <system-out/>
  <testcase classname="ddt.AddMultipleProjectTest" name="multipleProjTest" time="0.080"/>
  <system-out/>
  <testcase classname="ddt.AddMultipleProjectTest" name="multipleProjTest" time="0.055"/>
  <system-out/>
  <testcase classname="ddt.AddMultipleProjectTest" name="multipleProjTest" time="0.075"/>
  <system-out/>
  <testcase classname="ddt.AddMultipleProjectTest" name="multipleProjTest" time="0.126"/>
  <system-out/>
  <testcase classname="ddt.AddMultipleProjectTest" name="multipleProjTest" time="0.061"/>
  <system-out/>
  <testcase classname="ddt.AddMultipleProjectTest" name="multipleProjTest" time="0.053"/>
  <system-out/>
  <testcase classname="ddt.AddMultipleProjectTest" name="multipleProjTest" time="0.046"/>
  <system-out/>
</testsuite> <!-- ddt.AddMultipleProjectTest -->
