<?xml version="1.0" encoding="UTF-8"?>
<!-- Generated by org.testng.reporters.JUnitReportReporter -->
<testsuite hostname="TUSHAR" failures="0" tests="1" name="com.sample.crud.withBdd.SampleTestForDeleteTest" time="4.089" errors="0" timestamp="2024-06-20T18:15:20 IST" skipped="0">
  <testcase classname="com.sample.crud.withBdd.SampleTestForDeleteTest" name="getDataFromServer" time="4.089"/>
  <system-out/>
</testsuite> <!-- com.sample.crud.withBdd.SampleTestForDeleteTest -->
