<?xml version="1.0" encoding="UTF-8"?>
<!-- Generated by org.testng.reporters.JUnitReportReporter -->
<testsuite hostname="TUSHAR" failures="0" tests="1" name="RequestChaining.Scenario_1_DeleteProjectTest" time="7.819" errors="0" timestamp="2024-06-24T17:49:55 IST" skipped="0">
  <testcase classname="RequestChaining.Scenario_1_DeleteProjectTest" name="postDataToServer" time="7.819"/>
  <system-out/>
</testsuite> <!-- RequestChaining.Scenario_1_DeleteProjectTest -->
