<?xml version="1.0" encoding="UTF-8"?>
<!-- Generated by org.testng.reporters.JUnitReportReporter -->
<testsuite hostname="TUSHAR" failures="0" tests="1" name="panCardMock.CreditCardPayTest" time="6.284" errors="0" timestamp="2024-06-29T16:26:27 IST" skipped="0">
  <testcase classname="panCardMock.CreditCardPayTest" name="cctest" time="6.284"/>
  <system-out/>
</testsuite> <!-- panCardMock.CreditCardPayTest -->
