<?xml version="1.0" encoding="UTF-8"?>
<!-- Generated by org.testng.reporters.JUnitReportReporter -->
<testsuite hostname="TUSHAR" failures="0" tests="1" name="practice.PostRequestTypes.PostReq_Via_PojoClassTest4" time="5.656" errors="0" timestamp="2024-06-21T18:46:44 IST" skipped="0">
  <testcase classname="practice.PostRequestTypes.PostReq_Via_PojoClassTest4" name="postDataToServer" time="5.656"/>
  <system-out/>
</testsuite> <!-- practice.PostRequestTypes.PostReq_Via_PojoClassTest4 -->
