<?xml version="1.0" encoding="UTF-8"?>
<!-- Generated by org.testng.reporters.JUnitReportReporter -->
<testsuite hostname="TUSHAR" failures="0" tests="1" name="encryption.AESEncryptTest" time="0.135" errors="0" timestamp="2024-06-27T15:36:56 IST" skipped="0">
  <testcase classname="encryption.AESEncryptTest" name="aesSampleTest" time="0.135"/>
  <system-out/>
</testsuite> <!-- encryption.AESEncryptTest -->
