<?xml version="1.0" encoding="UTF-8"?>
<!-- Generated by org.testng.reporters.JUnitReportReporter -->
<testsuite hostname="TUSHAR" failures="0" tests="1" name="packag.SampleTest" time="5.430" errors="0" timestamp="2024-06-19T18:21:56 IST" skipped="0">
  <testcase classname="packag.SampleTest" name="sampleGetRequestTest" time="5.430"/>
</testsuite> <!-- packag.SampleTest -->
