<?xml version="1.0" encoding="UTF-8"?>
<!-- Generated by org.testng.reporters.JUnitReportReporter -->
<testsuite hostname="TUSHAR" failures="0" tests="1" name="com.backend.tessting.Run1" time="0.026" errors="0" timestamp="2024-06-19T18:42:38 IST" skipped="0">
  <testcase classname="com.backend.tessting.Run1" name="sampleTest" time="0.026"/>
  <system-out/>
</testsuite> <!-- com.backend.tessting.Run1 -->
