<?xml version="1.0" encoding="UTF-8"?>
<!-- Generated by org.testng.reporters.JUnitReportReporter -->
<testsuite hostname="TUSHAR" failures="0" tests="1" name="com.sample.crud.withoutBdd.SampleTestForCompleteUpdateTest" time="4.142" errors="0" timestamp="2024-06-20T16:22:44 IST" skipped="0">
  <testcase classname="com.sample.crud.withoutBdd.SampleTestForCompleteUpdateTest" name="putDataToServer" time="4.142"/>
  <system-out/>
</testsuite> <!-- com.sample.crud.withoutBdd.SampleTestForCompleteUpdateTest -->
