<?xml version="1.0" encoding="UTF-8"?>
<!-- Generated by org.testng.reporters.JUnitReportReporter -->
<testsuite hostname="TUSHAR" failures="0" tests="1" name="practice.responseValidation.VerifyResponseTimeTest" time="5.319" errors="0" timestamp="2024-06-24T10:53:29 IST" skipped="0">
  <testcase classname="practice.responseValidation.VerifyResponseTimeTest" name="verifyHeader" time="5.319"/>
  <system-out/>
</testsuite> <!-- practice.responseValidation.VerifyResponseTimeTest -->
