<?xml version="1.0" encoding="UTF-8"?>
<!-- Generated by org.testng.reporters.JUnitReportReporter -->
<testsuite hostname="TUSHAR" failures="0" tests="1" name="RequestChaining.Scenario_2_AddEmployeeToProject" time="9.395" errors="0" timestamp="2024-06-24T18:21:06 IST" skipped="0">
  <testcase classname="RequestChaining.Scenario_2_AddEmployeeToProject" name="sampleTest" time="9.395"/>
  <system-out/>
</testsuite> <!-- RequestChaining.Scenario_2_AddEmployeeToProject -->
