<?xml version="1.0" encoding="UTF-8"?>
<!-- Generated by org.testng.reporters.JUnitReportReporter -->
<testsuite hostname="TUSHAR" failures="0" tests="1" name="com.sample.crud.withBdd.SampleTestForReadTest" time="8.977" errors="0" timestamp="2024-06-25T11:15:16 IST" skipped="0">
  <testcase classname="com.sample.crud.withBdd.SampleTestForReadTest" name="getDataFromServer" time="8.977"/>
  <system-out/>
</testsuite> <!-- com.sample.crud.withBdd.SampleTestForReadTest -->
