<?xml version="1.0" encoding="UTF-8"?>
<!-- Generated by org.testng.reporters.JUnitReportReporter -->
<testsuite hostname="TUSHAR" failures="0" tests="1" name="com.sample.crud.withBdd.SampleTestForPartialUpdateTest" time="4.833" errors="0" timestamp="2024-06-24T15:04:59 IST" skipped="0">
  <testcase classname="com.sample.crud.withBdd.SampleTestForPartialUpdateTest" name="putDataToServer" time="4.833"/>
  <system-out/>
</testsuite> <!-- com.sample.crud.withBdd.SampleTestForPartialUpdateTest -->
