<?xml version="1.0" encoding="UTF-8"?>
<!-- Generated by org.testng.reporters.JUnitReportReporter -->
<testsuite hostname="TUSHAR" failures="0" tests="1" name="com.sample.crud.withoutBdd.SampleTestForReadTest" time="5.472" errors="0" timestamp="2024-06-20T15:09:56 IST" skipped="0">
  <testcase classname="com.sample.crud.withoutBdd.SampleTestForReadTest" name="getDataFromServer" time="5.472"/>
  <system-out/>
</testsuite> <!-- com.sample.crud.withoutBdd.SampleTestForReadTest -->
