<?xml version="1.0" encoding="UTF-8"?>
<!-- Generated by org.testng.reporters.JUnitReportReporter -->
<testsuite hostname="TUSHAR" failures="0" tests="1" name="practice.responseValidation.VerifyResponseHeaderTest" time="6.172" errors="0" timestamp="2024-06-24T12:13:31 IST" skipped="0">
  <testcase classname="practice.responseValidation.VerifyResponseHeaderTest" name="verifyHeader" time="6.172"/>
  <system-out/>
</testsuite> <!-- practice.responseValidation.VerifyResponseHeaderTest -->
