<?xml version="1.0" encoding="UTF-8"?>
<!-- Generated by org.testng.reporters.JUnitReportReporter -->
<testsuite hostname="TUSHAR" failures="0" tests="1" name="com.sample.crud.withoutBdd.SampleTestForCreateTest" time="4.667" errors="0" timestamp="2024-06-24T15:09:05 IST" skipped="0">
  <testcase classname="com.sample.crud.withoutBdd.SampleTestForCreateTest" name="postDataToServer" time="4.667"/>
  <system-out/>
</testsuite> <!-- com.sample.crud.withoutBdd.SampleTestForCreateTest -->
