<?xml version="1.0" encoding="UTF-8"?>
<!-- Generated by org.testng.reporters.JUnitReportReporter -->
<testsuite hostname="TUSHAR" failures="0" tests="1" name="com.sample.crud.withoutBdd.SampleTestForDeleteTest" time="4.540" errors="0" timestamp="2024-06-20T17:10:47 IST" skipped="0">
  <testcase classname="com.sample.crud.withoutBdd.SampleTestForDeleteTest" name="getDataFromServer" time="4.540"/>
  <system-out/>
</testsuite> <!-- com.sample.crud.withoutBdd.SampleTestForDeleteTest -->
