<?xml version="1.0" encoding="UTF-8"?>
<!-- Generated by org.testng.reporters.JUnitReportReporter -->
<testsuite hostname="TUSHAR" failures="0" tests="1" name="practice.PostRequestTypes.PostReq_Via_HashMapTest" time="5.625" errors="0" timestamp="2024-06-24T15:11:52 IST" skipped="0">
  <testcase classname="practice.PostRequestTypes.PostReq_Via_HashMapTest" name="postDataToServer" time="5.625"/>
  <system-out/>
</testsuite> <!-- practice.PostRequestTypes.PostReq_Via_HashMapTest -->
