<?xml version="1.0" encoding="UTF-8"?>
<!-- Generated by org.testng.reporters.JUnitReportReporter -->
<testsuite hostname="TUSHAR" failures="0" tests="1" name="practice.SampleTestUsingMethodChainingTest" time="4.959" errors="0" timestamp="2024-06-20T11:08:26 IST" skipped="0">
  <testcase classname="practice.SampleTestUsingMethodChainingTest" name="getRequestTest" time="4.959"/>
  <system-out/>
</testsuite> <!-- practice.SampleTestUsingMethodChainingTest -->
