<?xml version="1.0" encoding="UTF-8"?>
<!-- Generated by org.testng.reporters.JUnitReportReporter -->
<testsuite hostname="TUSHAR" failures="0" tests="1" name="typesParameters.FormParameterTest" time="4.417" errors="0" timestamp="2024-06-26T15:41:48 IST" skipped="0">
  <testcase classname="typesParameters.FormParameterTest" name="formParamTest" time="4.417"/>
  <system-out/>
</testsuite> <!-- typesParameters.FormParameterTest -->
