<?xml version="1.0" encoding="UTF-8"?>
<!-- Generated by org.testng.reporters.JUnitReportReporter -->
<testsuite hostname="TUSHAR" failures="0" tests="1" name="authtest.PreEmptiveAuthTest2" time="5.613" errors="0" timestamp="2024-06-27T09:49:21 IST" skipped="0">
  <testcase classname="authtest.PreEmptiveAuthTest2" name="PreEmptvAuthTest" time="5.613"/>
  <system-out/>
</testsuite> <!-- authtest.PreEmptiveAuthTest2 -->
