<?xml version="1.0" encoding="UTF-8"?>
<!-- Generated by org.testng.reporters.JUnitReportReporter -->
<testsuite hostname="TUSHAR" failures="0" tests="1" name="practice.Run1" time="0.028" errors="0" timestamp="2024-06-20T10:08:39 IST" skipped="0">
  <testcase classname="practice.Run1" name="sampleTest" time="0.028"/>
  <system-out/>
</testsuite> <!-- practice.Run1 -->
