<?xml version="1.0" encoding="UTF-8"?>
<!-- Generated by org.testng.reporters.JUnitReportReporter -->
<testsuite hostname="TUSHAR" failures="0" tests="1" name="typesParameters.ParamParameterTest" time="4.430" errors="0" timestamp="2024-06-26T15:41:25 IST" skipped="0">
  <testcase classname="typesParameters.ParamParameterTest" name="paramParaTest" time="4.430"/>
  <system-out/>
</testsuite> <!-- typesParameters.ParamParameterTest -->
